have_library: checking for main() in -lpq... -------------------- yes

"gcc -o conftest -I/home/kb9agt/.rbenv/versions/2.2.2/include/ruby-2.2.0/i686-linux -I/home/kb9agt/.rbenv/versions/2.2.2/include/ruby-2.2.0/ruby/backward -I/home/kb9agt/.rbenv/versions/2.2.2/include/ruby-2.2.0 -I. -I/usr/include/postgresql -I/usr/include/postgresql/9.1/server -I/home/kb9agt/.rbenv/versions/2.2.2/include  -D_FILE_OFFSET_BITS=64   -O3 -fno-fast-math -ggdb3 -Wall -Wextra -Wno-unused-parameter -Wno-parentheses -Wno-long-long -Wno-missing-field-initializers -Wunused-variable -Wpointer-arith -Wwrite-strings -Wdeclaration-after-statement -Wimplicit-function-declaration -Wdeprecated-declarations -Wno-packed-bitfield-compat -DHAVE_NO_DATETIME_NEWBANG conftest.c  -L/usr/lib -Wl,-R/usr/lib -L. -L/home/kb9agt/.rbenv/versions/2.2.2/lib -Wl,-R/home/kb9agt/.rbenv/versions/2.2.2/lib -L. -L/home/kb9agt/.rbenv/versions/2.2.2/lib  -fstack-protector -rdynamic -Wl,-export-dynamic     -Wl,-R/home/kb9agt/.rbenv/versions/2.2.2/lib -L/home/kb9agt/.rbenv/versions/2.2.2/lib -lruby-static  -lpthread -lrt -lgmp -ldl -lcrypt -lm   -lc"
checked program was:
/* begin */
1: #include "ruby.h"
2: 
3: int main(int argc, char **argv)
4: {
5:   return 0;
6: }
/* end */

"gcc -o conftest -I/home/kb9agt/.rbenv/versions/2.2.2/include/ruby-2.2.0/i686-linux -I/home/kb9agt/.rbenv/versions/2.2.2/include/ruby-2.2.0/ruby/backward -I/home/kb9agt/.rbenv/versions/2.2.2/include/ruby-2.2.0 -I. -I/usr/include/postgresql -I/usr/include/postgresql/9.1/server -I/home/kb9agt/.rbenv/versions/2.2.2/include  -D_FILE_OFFSET_BITS=64   -O3 -fno-fast-math -ggdb3 -Wall -Wextra -Wno-unused-parameter -Wno-parentheses -Wno-long-long -Wno-missing-field-initializers -Wunused-variable -Wpointer-arith -Wwrite-strings -Wdeclaration-after-statement -Wimplicit-function-declaration -Wdeprecated-declarations -Wno-packed-bitfield-compat -DHAVE_NO_DATETIME_NEWBANG conftest.c  -L/usr/lib -Wl,-R/usr/lib -L. -L/home/kb9agt/.rbenv/versions/2.2.2/lib -Wl,-R/home/kb9agt/.rbenv/versions/2.2.2/lib -L. -L/home/kb9agt/.rbenv/versions/2.2.2/lib  -fstack-protector -rdynamic -Wl,-export-dynamic     -Wl,-R/home/kb9agt/.rbenv/versions/2.2.2/lib -L/home/kb9agt/.rbenv/versions/2.2.2/lib -lruby-static -lpq  -lpthread -lrt -lgmp -ldl -lcrypt -lm   -lc"
conftest.c: In function ‘t’:
conftest.c:13:32: warning: variable ‘p’ set but not used [-Wunused-but-set-variable]
checked program was:
/* begin */
 1: #include "ruby.h"
 2: 
 3: /*top*/
 4: extern int t(void);
 5: int main(int argc, char **argv)
 6: {
 7:   if (argc > 1000000) {
 8:     printf("%p", &t);
 9:   }
10: 
11:   return 0;
12: }
13: int t(void) { void ((*volatile p)()); p = (void ((*)()))main; return 0; }
/* end */

--------------------

have_header: checking for libpq-fe.h... -------------------- yes

"gcc -E -I/home/kb9agt/.rbenv/versions/2.2.2/include/ruby-2.2.0/i686-linux -I/home/kb9agt/.rbenv/versions/2.2.2/include/ruby-2.2.0/ruby/backward -I/home/kb9agt/.rbenv/versions/2.2.2/include/ruby-2.2.0 -I. -I/usr/include/postgresql -I/usr/include/postgresql/9.1/server -I/home/kb9agt/.rbenv/versions/2.2.2/include  -D_FILE_OFFSET_BITS=64   -O3 -fno-fast-math -ggdb3 -Wall -Wextra -Wno-unused-parameter -Wno-parentheses -Wno-long-long -Wno-missing-field-initializers -Wunused-variable -Wpointer-arith -Wwrite-strings -Wdeclaration-after-statement -Wimplicit-function-declaration -Wdeprecated-declarations -Wno-packed-bitfield-compat -DHAVE_NO_DATETIME_NEWBANG  conftest.c -o conftest.i"
checked program was:
/* begin */
1: #include "ruby.h"
2: 
3: #include <libpq-fe.h>
/* end */

--------------------

have_header: checking for libpq/libpq-fs.h... -------------------- yes

"gcc -E -I/home/kb9agt/.rbenv/versions/2.2.2/include/ruby-2.2.0/i686-linux -I/home/kb9agt/.rbenv/versions/2.2.2/include/ruby-2.2.0/ruby/backward -I/home/kb9agt/.rbenv/versions/2.2.2/include/ruby-2.2.0 -I. -I/usr/include/postgresql -I/usr/include/postgresql/9.1/server -I/home/kb9agt/.rbenv/versions/2.2.2/include  -D_FILE_OFFSET_BITS=64   -O3 -fno-fast-math -ggdb3 -Wall -Wextra -Wno-unused-parameter -Wno-parentheses -Wno-long-long -Wno-missing-field-initializers -Wunused-variable -Wpointer-arith -Wwrite-strings -Wdeclaration-after-statement -Wimplicit-function-declaration -Wdeprecated-declarations -Wno-packed-bitfield-compat -DHAVE_NO_DATETIME_NEWBANG  conftest.c -o conftest.i"
checked program was:
/* begin */
1: #include "ruby.h"
2: 
3: #include <libpq/libpq-fs.h>
/* end */

--------------------

have_header: checking for postgres.h... -------------------- yes

"gcc -E -I/home/kb9agt/.rbenv/versions/2.2.2/include/ruby-2.2.0/i686-linux -I/home/kb9agt/.rbenv/versions/2.2.2/include/ruby-2.2.0/ruby/backward -I/home/kb9agt/.rbenv/versions/2.2.2/include/ruby-2.2.0 -I. -I/usr/include/postgresql -I/usr/include/postgresql/9.1/server -I/home/kb9agt/.rbenv/versions/2.2.2/include  -D_FILE_OFFSET_BITS=64   -O3 -fno-fast-math -ggdb3 -Wall -Wextra -Wno-unused-parameter -Wno-parentheses -Wno-long-long -Wno-missing-field-initializers -Wunused-variable -Wpointer-arith -Wwrite-strings -Wdeclaration-after-statement -Wimplicit-function-declaration -Wdeprecated-declarations -Wno-packed-bitfield-compat -DHAVE_NO_DATETIME_NEWBANG  conftest.c -o conftest.i"
In file included from /usr/include/postgresql/postgres.h:47:0,
                 from conftest.c:3:
/usr/include/postgresql/c.h:96:0: warning: "_" redefined [enabled by default]
In file included from /home/kb9agt/.rbenv/versions/2.2.2/include/ruby-2.2.0/ruby/ruby.h:29:0,
                 from /home/kb9agt/.rbenv/versions/2.2.2/include/ruby-2.2.0/ruby.h:33,
                 from conftest.c:1:
/home/kb9agt/.rbenv/versions/2.2.2/include/ruby-2.2.0/ruby/defines.h:83:0: note: this is the location of the previous definition
checked program was:
/* begin */
1: #include "ruby.h"
2: 
3: #include <postgres.h>
/* end */

--------------------

have_header: checking for mb/pg_wchar.h... -------------------- yes

"gcc -E -I/home/kb9agt/.rbenv/versions/2.2.2/include/ruby-2.2.0/i686-linux -I/home/kb9agt/.rbenv/versions/2.2.2/include/ruby-2.2.0/ruby/backward -I/home/kb9agt/.rbenv/versions/2.2.2/include/ruby-2.2.0 -I. -I/usr/include/postgresql -I/usr/include/postgresql/9.1/server -I/home/kb9agt/.rbenv/versions/2.2.2/include  -D_FILE_OFFSET_BITS=64   -O3 -fno-fast-math -ggdb3 -Wall -Wextra -Wno-unused-parameter -Wno-parentheses -Wno-long-long -Wno-missing-field-initializers -Wunused-variable -Wpointer-arith -Wwrite-strings -Wdeclaration-after-statement -Wimplicit-function-declaration -Wdeprecated-declarations -Wno-packed-bitfield-compat -DHAVE_NO_DATETIME_NEWBANG  conftest.c -o conftest.i"
In file included from /usr/include/postgresql/postgres.h:47:0,
                 from conftest.c:3:
/usr/include/postgresql/c.h:96:0: warning: "_" redefined [enabled by default]
In file included from /home/kb9agt/.rbenv/versions/2.2.2/include/ruby-2.2.0/ruby/ruby.h:29:0,
                 from /home/kb9agt/.rbenv/versions/2.2.2/include/ruby-2.2.0/ruby.h:33,
                 from conftest.c:1:
/home/kb9agt/.rbenv/versions/2.2.2/include/ruby-2.2.0/ruby/defines.h:83:0: note: this is the location of the previous definition
checked program was:
/* begin */
1: #include "ruby.h"
2: 
3: #include <postgres.h>
4: #include <mb/pg_wchar.h>
/* end */

--------------------

have_header: checking for catalog/pg_type.h... -------------------- yes

"gcc -E -I/home/kb9agt/.rbenv/versions/2.2.2/include/ruby-2.2.0/i686-linux -I/home/kb9agt/.rbenv/versions/2.2.2/include/ruby-2.2.0/ruby/backward -I/home/kb9agt/.rbenv/versions/2.2.2/include/ruby-2.2.0 -I. -I/usr/include/postgresql -I/usr/include/postgresql/9.1/server -I/home/kb9agt/.rbenv/versions/2.2.2/include  -D_FILE_OFFSET_BITS=64   -O3 -fno-fast-math -ggdb3 -Wall -Wextra -Wno-unused-parameter -Wno-parentheses -Wno-long-long -Wno-missing-field-initializers -Wunused-variable -Wpointer-arith -Wwrite-strings -Wdeclaration-after-statement -Wimplicit-function-declaration -Wdeprecated-declarations -Wno-packed-bitfield-compat -DHAVE_NO_DATETIME_NEWBANG  conftest.c -o conftest.i"
In file included from /usr/include/postgresql/postgres.h:47:0,
                 from conftest.c:3:
/usr/include/postgresql/c.h:96:0: warning: "_" redefined [enabled by default]
In file included from /home/kb9agt/.rbenv/versions/2.2.2/include/ruby-2.2.0/ruby/ruby.h:29:0,
                 from /home/kb9agt/.rbenv/versions/2.2.2/include/ruby-2.2.0/ruby.h:33,
                 from conftest.c:1:
/home/kb9agt/.rbenv/versions/2.2.2/include/ruby-2.2.0/ruby/defines.h:83:0: note: this is the location of the previous definition
checked program was:
/* begin */
1: #include "ruby.h"
2: 
3: #include <postgres.h>
4: #include <catalog/pg_type.h>
/* end */

--------------------

have_func: checking for localtime_r()... -------------------- yes

"gcc -o conftest -I/home/kb9agt/.rbenv/versions/2.2.2/include/ruby-2.2.0/i686-linux -I/home/kb9agt/.rbenv/versions/2.2.2/include/ruby-2.2.0/ruby/backward -I/home/kb9agt/.rbenv/versions/2.2.2/include/ruby-2.2.0 -I. -I/usr/include/postgresql -I/usr/include/postgresql/9.1/server -I/home/kb9agt/.rbenv/versions/2.2.2/include  -D_FILE_OFFSET_BITS=64   -O3 -fno-fast-math -ggdb3 -Wall -Wextra -Wno-unused-parameter -Wno-parentheses -Wno-long-long -Wno-missing-field-initializers -Wunused-variable -Wpointer-arith -Wwrite-strings -Wdeclaration-after-statement -Wimplicit-function-declaration -Wdeprecated-declarations -Wno-packed-bitfield-compat -DHAVE_NO_DATETIME_NEWBANG conftest.c  -L/usr/lib -Wl,-R/usr/lib -L. -L/home/kb9agt/.rbenv/versions/2.2.2/lib -Wl,-R/home/kb9agt/.rbenv/versions/2.2.2/lib -L. -L/home/kb9agt/.rbenv/versions/2.2.2/lib  -fstack-protector -rdynamic -Wl,-export-dynamic    -lpq  -Wl,-R/home/kb9agt/.rbenv/versions/2.2.2/lib -L/home/kb9agt/.rbenv/versions/2.2.2/lib -lruby-static -lpq  -lpthread -lrt -lgmp -ldl -lcrypt -lm   -lc"
conftest.c: In function ‘t’:
conftest.c:13:57: error: ‘localtime_r’ undeclared (first use in this function)
conftest.c:13:57: note: each undeclared identifier is reported only once for each function it appears in
conftest.c:13:32: warning: variable ‘p’ set but not used [-Wunused-but-set-variable]
checked program was:
/* begin */
 1: #include "ruby.h"
 2: 
 3: /*top*/
 4: extern int t(void);
 5: int main(int argc, char **argv)
 6: {
 7:   if (argc > 1000000) {
 8:     printf("%p", &t);
 9:   }
10: 
11:   return 0;
12: }
13: int t(void) { void ((*volatile p)()); p = (void ((*)()))localtime_r; return 0; }
/* end */

"gcc -o conftest -I/home/kb9agt/.rbenv/versions/2.2.2/include/ruby-2.2.0/i686-linux -I/home/kb9agt/.rbenv/versions/2.2.2/include/ruby-2.2.0/ruby/backward -I/home/kb9agt/.rbenv/versions/2.2.2/include/ruby-2.2.0 -I. -I/usr/include/postgresql -I/usr/include/postgresql/9.1/server -I/home/kb9agt/.rbenv/versions/2.2.2/include  -D_FILE_OFFSET_BITS=64   -O3 -fno-fast-math -ggdb3 -Wall -Wextra -Wno-unused-parameter -Wno-parentheses -Wno-long-long -Wno-missing-field-initializers -Wunused-variable -Wpointer-arith -Wwrite-strings -Wdeclaration-after-statement -Wimplicit-function-declaration -Wdeprecated-declarations -Wno-packed-bitfield-compat -DHAVE_NO_DATETIME_NEWBANG conftest.c  -L/usr/lib -Wl,-R/usr/lib -L. -L/home/kb9agt/.rbenv/versions/2.2.2/lib -Wl,-R/home/kb9agt/.rbenv/versions/2.2.2/lib -L. -L/home/kb9agt/.rbenv/versions/2.2.2/lib  -fstack-protector -rdynamic -Wl,-export-dynamic    -lpq  -Wl,-R/home/kb9agt/.rbenv/versions/2.2.2/lib -L/home/kb9agt/.rbenv/versions/2.2.2/lib -lruby-static -lpq  -lpthread -lrt -lgmp -ldl -lcrypt -lm   -lc"
conftest.c: In function ‘t’:
conftest.c:13:1: warning: implicit declaration of function ‘localtime_r’ [-Wimplicit-function-declaration]
checked program was:
/* begin */
 1: #include "ruby.h"
 2: 
 3: /*top*/
 4: extern int t(void);
 5: int main(int argc, char **argv)
 6: {
 7:   if (argc > 1000000) {
 8:     printf("%p", &t);
 9:   }
10: 
11:   return 0;
12: }
13: int t(void) { localtime_r(); return 0; }
/* end */

--------------------

have_func: checking for gmtime_r()... -------------------- yes

"gcc -o conftest -I/home/kb9agt/.rbenv/versions/2.2.2/include/ruby-2.2.0/i686-linux -I/home/kb9agt/.rbenv/versions/2.2.2/include/ruby-2.2.0/ruby/backward -I/home/kb9agt/.rbenv/versions/2.2.2/include/ruby-2.2.0 -I. -I/usr/include/postgresql -I/usr/include/postgresql/9.1/server -I/home/kb9agt/.rbenv/versions/2.2.2/include  -D_FILE_OFFSET_BITS=64   -O3 -fno-fast-math -ggdb3 -Wall -Wextra -Wno-unused-parameter -Wno-parentheses -Wno-long-long -Wno-missing-field-initializers -Wunused-variable -Wpointer-arith -Wwrite-strings -Wdeclaration-after-statement -Wimplicit-function-declaration -Wdeprecated-declarations -Wno-packed-bitfield-compat -DHAVE_NO_DATETIME_NEWBANG conftest.c  -L/usr/lib -Wl,-R/usr/lib -L. -L/home/kb9agt/.rbenv/versions/2.2.2/lib -Wl,-R/home/kb9agt/.rbenv/versions/2.2.2/lib -L. -L/home/kb9agt/.rbenv/versions/2.2.2/lib  -fstack-protector -rdynamic -Wl,-export-dynamic    -lpq  -Wl,-R/home/kb9agt/.rbenv/versions/2.2.2/lib -L/home/kb9agt/.rbenv/versions/2.2.2/lib -lruby-static -lpq  -lpthread -lrt -lgmp -ldl -lcrypt -lm   -lc"
conftest.c: In function ‘t’:
conftest.c:13:57: error: ‘gmtime_r’ undeclared (first use in this function)
conftest.c:13:57: note: each undeclared identifier is reported only once for each function it appears in
conftest.c:13:32: warning: variable ‘p’ set but not used [-Wunused-but-set-variable]
checked program was:
/* begin */
 1: #include "ruby.h"
 2: 
 3: /*top*/
 4: extern int t(void);
 5: int main(int argc, char **argv)
 6: {
 7:   if (argc > 1000000) {
 8:     printf("%p", &t);
 9:   }
10: 
11:   return 0;
12: }
13: int t(void) { void ((*volatile p)()); p = (void ((*)()))gmtime_r; return 0; }
/* end */

"gcc -o conftest -I/home/kb9agt/.rbenv/versions/2.2.2/include/ruby-2.2.0/i686-linux -I/home/kb9agt/.rbenv/versions/2.2.2/include/ruby-2.2.0/ruby/backward -I/home/kb9agt/.rbenv/versions/2.2.2/include/ruby-2.2.0 -I. -I/usr/include/postgresql -I/usr/include/postgresql/9.1/server -I/home/kb9agt/.rbenv/versions/2.2.2/include  -D_FILE_OFFSET_BITS=64   -O3 -fno-fast-math -ggdb3 -Wall -Wextra -Wno-unused-parameter -Wno-parentheses -Wno-long-long -Wno-missing-field-initializers -Wunused-variable -Wpointer-arith -Wwrite-strings -Wdeclaration-after-statement -Wimplicit-function-declaration -Wdeprecated-declarations -Wno-packed-bitfield-compat -DHAVE_NO_DATETIME_NEWBANG conftest.c  -L/usr/lib -Wl,-R/usr/lib -L. -L/home/kb9agt/.rbenv/versions/2.2.2/lib -Wl,-R/home/kb9agt/.rbenv/versions/2.2.2/lib -L. -L/home/kb9agt/.rbenv/versions/2.2.2/lib  -fstack-protector -rdynamic -Wl,-export-dynamic    -lpq  -Wl,-R/home/kb9agt/.rbenv/versions/2.2.2/lib -L/home/kb9agt/.rbenv/versions/2.2.2/lib -lruby-static -lpq  -lpthread -lrt -lgmp -ldl -lcrypt -lm   -lc"
conftest.c: In function ‘t’:
conftest.c:13:1: warning: implicit declaration of function ‘gmtime_r’ [-Wimplicit-function-declaration]
checked program was:
/* begin */
 1: #include "ruby.h"
 2: 
 3: /*top*/
 4: extern int t(void);
 5: int main(int argc, char **argv)
 6: {
 7:   if (argc > 1000000) {
 8:     printf("%p", &t);
 9:   }
10: 
11:   return 0;
12: }
13: int t(void) { gmtime_r(); return 0; }
/* end */

--------------------

have_func: checking for PQsetClientEncoding()... -------------------- yes

"gcc -o conftest -I/home/kb9agt/.rbenv/versions/2.2.2/include/ruby-2.2.0/i686-linux -I/home/kb9agt/.rbenv/versions/2.2.2/include/ruby-2.2.0/ruby/backward -I/home/kb9agt/.rbenv/versions/2.2.2/include/ruby-2.2.0 -I. -I/usr/include/postgresql -I/usr/include/postgresql/9.1/server -I/home/kb9agt/.rbenv/versions/2.2.2/include  -D_FILE_OFFSET_BITS=64   -O3 -fno-fast-math -ggdb3 -Wall -Wextra -Wno-unused-parameter -Wno-parentheses -Wno-long-long -Wno-missing-field-initializers -Wunused-variable -Wpointer-arith -Wwrite-strings -Wdeclaration-after-statement -Wimplicit-function-declaration -Wdeprecated-declarations -Wno-packed-bitfield-compat -DHAVE_NO_DATETIME_NEWBANG conftest.c  -L/usr/lib -Wl,-R/usr/lib -L. -L/home/kb9agt/.rbenv/versions/2.2.2/lib -Wl,-R/home/kb9agt/.rbenv/versions/2.2.2/lib -L. -L/home/kb9agt/.rbenv/versions/2.2.2/lib  -fstack-protector -rdynamic -Wl,-export-dynamic    -lpq  -Wl,-R/home/kb9agt/.rbenv/versions/2.2.2/lib -L/home/kb9agt/.rbenv/versions/2.2.2/lib -lruby-static -lpq  -lpthread -lrt -lgmp -ldl -lcrypt -lm   -lc"
conftest.c: In function ‘t’:
conftest.c:13:57: error: ‘PQsetClientEncoding’ undeclared (first use in this function)
conftest.c:13:57: note: each undeclared identifier is reported only once for each function it appears in
conftest.c:13:32: warning: variable ‘p’ set but not used [-Wunused-but-set-variable]
checked program was:
/* begin */
 1: #include "ruby.h"
 2: 
 3: /*top*/
 4: extern int t(void);
 5: int main(int argc, char **argv)
 6: {
 7:   if (argc > 1000000) {
 8:     printf("%p", &t);
 9:   }
10: 
11:   return 0;
12: }
13: int t(void) { void ((*volatile p)()); p = (void ((*)()))PQsetClientEncoding; return 0; }
/* end */

"gcc -o conftest -I/home/kb9agt/.rbenv/versions/2.2.2/include/ruby-2.2.0/i686-linux -I/home/kb9agt/.rbenv/versions/2.2.2/include/ruby-2.2.0/ruby/backward -I/home/kb9agt/.rbenv/versions/2.2.2/include/ruby-2.2.0 -I. -I/usr/include/postgresql -I/usr/include/postgresql/9.1/server -I/home/kb9agt/.rbenv/versions/2.2.2/include  -D_FILE_OFFSET_BITS=64   -O3 -fno-fast-math -ggdb3 -Wall -Wextra -Wno-unused-parameter -Wno-parentheses -Wno-long-long -Wno-missing-field-initializers -Wunused-variable -Wpointer-arith -Wwrite-strings -Wdeclaration-after-statement -Wimplicit-function-declaration -Wdeprecated-declarations -Wno-packed-bitfield-compat -DHAVE_NO_DATETIME_NEWBANG conftest.c  -L/usr/lib -Wl,-R/usr/lib -L. -L/home/kb9agt/.rbenv/versions/2.2.2/lib -Wl,-R/home/kb9agt/.rbenv/versions/2.2.2/lib -L. -L/home/kb9agt/.rbenv/versions/2.2.2/lib  -fstack-protector -rdynamic -Wl,-export-dynamic    -lpq  -Wl,-R/home/kb9agt/.rbenv/versions/2.2.2/lib -L/home/kb9agt/.rbenv/versions/2.2.2/lib -lruby-static -lpq  -lpthread -lrt -lgmp -ldl -lcrypt -lm   -lc"
conftest.c: In function ‘t’:
conftest.c:13:1: warning: implicit declaration of function ‘PQsetClientEncoding’ [-Wimplicit-function-declaration]
checked program was:
/* begin */
 1: #include "ruby.h"
 2: 
 3: /*top*/
 4: extern int t(void);
 5: int main(int argc, char **argv)
 6: {
 7:   if (argc > 1000000) {
 8:     printf("%p", &t);
 9:   }
10: 
11:   return 0;
12: }
13: int t(void) { PQsetClientEncoding(); return 0; }
/* end */

--------------------

have_func: checking for pg_encoding_to_char()... -------------------- yes

"gcc -o conftest -I/home/kb9agt/.rbenv/versions/2.2.2/include/ruby-2.2.0/i686-linux -I/home/kb9agt/.rbenv/versions/2.2.2/include/ruby-2.2.0/ruby/backward -I/home/kb9agt/.rbenv/versions/2.2.2/include/ruby-2.2.0 -I. -I/usr/include/postgresql -I/usr/include/postgresql/9.1/server -I/home/kb9agt/.rbenv/versions/2.2.2/include  -D_FILE_OFFSET_BITS=64   -O3 -fno-fast-math -ggdb3 -Wall -Wextra -Wno-unused-parameter -Wno-parentheses -Wno-long-long -Wno-missing-field-initializers -Wunused-variable -Wpointer-arith -Wwrite-strings -Wdeclaration-after-statement -Wimplicit-function-declaration -Wdeprecated-declarations -Wno-packed-bitfield-compat -DHAVE_NO_DATETIME_NEWBANG conftest.c  -L/usr/lib -Wl,-R/usr/lib -L. -L/home/kb9agt/.rbenv/versions/2.2.2/lib -Wl,-R/home/kb9agt/.rbenv/versions/2.2.2/lib -L. -L/home/kb9agt/.rbenv/versions/2.2.2/lib  -fstack-protector -rdynamic -Wl,-export-dynamic    -lpq  -Wl,-R/home/kb9agt/.rbenv/versions/2.2.2/lib -L/home/kb9agt/.rbenv/versions/2.2.2/lib -lruby-static -lpq  -lpthread -lrt -lgmp -ldl -lcrypt -lm   -lc"
conftest.c: In function ‘t’:
conftest.c:13:57: error: ‘pg_encoding_to_char’ undeclared (first use in this function)
conftest.c:13:57: note: each undeclared identifier is reported only once for each function it appears in
conftest.c:13:32: warning: variable ‘p’ set but not used [-Wunused-but-set-variable]
checked program was:
/* begin */
 1: #include "ruby.h"
 2: 
 3: /*top*/
 4: extern int t(void);
 5: int main(int argc, char **argv)
 6: {
 7:   if (argc > 1000000) {
 8:     printf("%p", &t);
 9:   }
10: 
11:   return 0;
12: }
13: int t(void) { void ((*volatile p)()); p = (void ((*)()))pg_encoding_to_char; return 0; }
/* end */

"gcc -o conftest -I/home/kb9agt/.rbenv/versions/2.2.2/include/ruby-2.2.0/i686-linux -I/home/kb9agt/.rbenv/versions/2.2.2/include/ruby-2.2.0/ruby/backward -I/home/kb9agt/.rbenv/versions/2.2.2/include/ruby-2.2.0 -I. -I/usr/include/postgresql -I/usr/include/postgresql/9.1/server -I/home/kb9agt/.rbenv/versions/2.2.2/include  -D_FILE_OFFSET_BITS=64   -O3 -fno-fast-math -ggdb3 -Wall -Wextra -Wno-unused-parameter -Wno-parentheses -Wno-long-long -Wno-missing-field-initializers -Wunused-variable -Wpointer-arith -Wwrite-strings -Wdeclaration-after-statement -Wimplicit-function-declaration -Wdeprecated-declarations -Wno-packed-bitfield-compat -DHAVE_NO_DATETIME_NEWBANG conftest.c  -L/usr/lib -Wl,-R/usr/lib -L. -L/home/kb9agt/.rbenv/versions/2.2.2/lib -Wl,-R/home/kb9agt/.rbenv/versions/2.2.2/lib -L. -L/home/kb9agt/.rbenv/versions/2.2.2/lib  -fstack-protector -rdynamic -Wl,-export-dynamic    -lpq  -Wl,-R/home/kb9agt/.rbenv/versions/2.2.2/lib -L/home/kb9agt/.rbenv/versions/2.2.2/lib -lruby-static -lpq  -lpthread -lrt -lgmp -ldl -lcrypt -lm   -lc"
conftest.c: In function ‘t’:
conftest.c:13:1: warning: implicit declaration of function ‘pg_encoding_to_char’ [-Wimplicit-function-declaration]
checked program was:
/* begin */
 1: #include "ruby.h"
 2: 
 3: /*top*/
 4: extern int t(void);
 5: int main(int argc, char **argv)
 6: {
 7:   if (argc > 1000000) {
 8:     printf("%p", &t);
 9:   }
10: 
11:   return 0;
12: }
13: int t(void) { pg_encoding_to_char(); return 0; }
/* end */

--------------------

have_func: checking for PQfreemem()... -------------------- yes

"gcc -o conftest -I/home/kb9agt/.rbenv/versions/2.2.2/include/ruby-2.2.0/i686-linux -I/home/kb9agt/.rbenv/versions/2.2.2/include/ruby-2.2.0/ruby/backward -I/home/kb9agt/.rbenv/versions/2.2.2/include/ruby-2.2.0 -I. -I/usr/include/postgresql -I/usr/include/postgresql/9.1/server -I/home/kb9agt/.rbenv/versions/2.2.2/include  -D_FILE_OFFSET_BITS=64   -O3 -fno-fast-math -ggdb3 -Wall -Wextra -Wno-unused-parameter -Wno-parentheses -Wno-long-long -Wno-missing-field-initializers -Wunused-variable -Wpointer-arith -Wwrite-strings -Wdeclaration-after-statement -Wimplicit-function-declaration -Wdeprecated-declarations -Wno-packed-bitfield-compat -DHAVE_NO_DATETIME_NEWBANG conftest.c  -L/usr/lib -Wl,-R/usr/lib -L. -L/home/kb9agt/.rbenv/versions/2.2.2/lib -Wl,-R/home/kb9agt/.rbenv/versions/2.2.2/lib -L. -L/home/kb9agt/.rbenv/versions/2.2.2/lib  -fstack-protector -rdynamic -Wl,-export-dynamic    -lpq  -Wl,-R/home/kb9agt/.rbenv/versions/2.2.2/lib -L/home/kb9agt/.rbenv/versions/2.2.2/lib -lruby-static -lpq  -lpthread -lrt -lgmp -ldl -lcrypt -lm   -lc"
conftest.c: In function ‘t’:
conftest.c:13:57: error: ‘PQfreemem’ undeclared (first use in this function)
conftest.c:13:57: note: each undeclared identifier is reported only once for each function it appears in
conftest.c:13:32: warning: variable ‘p’ set but not used [-Wunused-but-set-variable]
checked program was:
/* begin */
 1: #include "ruby.h"
 2: 
 3: /*top*/
 4: extern int t(void);
 5: int main(int argc, char **argv)
 6: {
 7:   if (argc > 1000000) {
 8:     printf("%p", &t);
 9:   }
10: 
11:   return 0;
12: }
13: int t(void) { void ((*volatile p)()); p = (void ((*)()))PQfreemem; return 0; }
/* end */

"gcc -o conftest -I/home/kb9agt/.rbenv/versions/2.2.2/include/ruby-2.2.0/i686-linux -I/home/kb9agt/.rbenv/versions/2.2.2/include/ruby-2.2.0/ruby/backward -I/home/kb9agt/.rbenv/versions/2.2.2/include/ruby-2.2.0 -I. -I/usr/include/postgresql -I/usr/include/postgresql/9.1/server -I/home/kb9agt/.rbenv/versions/2.2.2/include  -D_FILE_OFFSET_BITS=64   -O3 -fno-fast-math -ggdb3 -Wall -Wextra -Wno-unused-parameter -Wno-parentheses -Wno-long-long -Wno-missing-field-initializers -Wunused-variable -Wpointer-arith -Wwrite-strings -Wdeclaration-after-statement -Wimplicit-function-declaration -Wdeprecated-declarations -Wno-packed-bitfield-compat -DHAVE_NO_DATETIME_NEWBANG conftest.c  -L/usr/lib -Wl,-R/usr/lib -L. -L/home/kb9agt/.rbenv/versions/2.2.2/lib -Wl,-R/home/kb9agt/.rbenv/versions/2.2.2/lib -L. -L/home/kb9agt/.rbenv/versions/2.2.2/lib  -fstack-protector -rdynamic -Wl,-export-dynamic    -lpq  -Wl,-R/home/kb9agt/.rbenv/versions/2.2.2/lib -L/home/kb9agt/.rbenv/versions/2.2.2/lib -lruby-static -lpq  -lpthread -lrt -lgmp -ldl -lcrypt -lm   -lc"
conftest.c: In function ‘t’:
conftest.c:13:1: warning: implicit declaration of function ‘PQfreemem’ [-Wimplicit-function-declaration]
checked program was:
/* begin */
 1: #include "ruby.h"
 2: 
 3: /*top*/
 4: extern int t(void);
 5: int main(int argc, char **argv)
 6: {
 7:   if (argc > 1000000) {
 8:     printf("%p", &t);
 9:   }
10: 
11:   return 0;
12: }
13: int t(void) { PQfreemem(); return 0; }
/* end */

--------------------

have_func: checking for rb_thread_fd_select()... -------------------- yes

"gcc -o conftest -I/home/kb9agt/.rbenv/versions/2.2.2/include/ruby-2.2.0/i686-linux -I/home/kb9agt/.rbenv/versions/2.2.2/include/ruby-2.2.0/ruby/backward -I/home/kb9agt/.rbenv/versions/2.2.2/include/ruby-2.2.0 -I. -I/usr/include/postgresql -I/usr/include/postgresql/9.1/server -I/home/kb9agt/.rbenv/versions/2.2.2/include  -D_FILE_OFFSET_BITS=64   -O3 -fno-fast-math -ggdb3 -Wall -Wextra -Wno-unused-parameter -Wno-parentheses -Wno-long-long -Wno-missing-field-initializers -Wunused-variable -Wpointer-arith -Wwrite-strings -Wdeclaration-after-statement -Wimplicit-function-declaration -Wdeprecated-declarations -Wno-packed-bitfield-compat -DHAVE_NO_DATETIME_NEWBANG conftest.c  -L/usr/lib -Wl,-R/usr/lib -L. -L/home/kb9agt/.rbenv/versions/2.2.2/lib -Wl,-R/home/kb9agt/.rbenv/versions/2.2.2/lib -L. -L/home/kb9agt/.rbenv/versions/2.2.2/lib  -fstack-protector -rdynamic -Wl,-export-dynamic    -lpq  -Wl,-R/home/kb9agt/.rbenv/versions/2.2.2/lib -L/home/kb9agt/.rbenv/versions/2.2.2/lib -lruby-static -lpq  -lpthread -lrt -lgmp -ldl -lcrypt -lm   -lc"
conftest.c: In function ‘t’:
conftest.c:13:32: warning: variable ‘p’ set but not used [-Wunused-but-set-variable]
checked program was:
/* begin */
 1: #include "ruby.h"
 2: 
 3: /*top*/
 4: extern int t(void);
 5: int main(int argc, char **argv)
 6: {
 7:   if (argc > 1000000) {
 8:     printf("%p", &t);
 9:   }
10: 
11:   return 0;
12: }
13: int t(void) { void ((*volatile p)()); p = (void ((*)()))rb_thread_fd_select; return 0; }
/* end */

--------------------

